<?xml version="1.0" encoding="UTF-8"?>
<!-- Generated by org.testng.reporters.JUnitReportReporter -->
<testsuite skipped="0" hostname="DESKTOP-SAYAK" name="com.testCases.FbSignUp" tests="1" failures="0" timestamp="2019-09-08T14:37:34 IST" time="30.387" errors="0">
  <testcase name="excelHandling" time="30.387" classname="com.testCases.FbSignUp"/>
</testsuite> <!-- com.testCases.FbSignUp -->
