<?xml version="1.0" encoding="UTF-8"?>
<!-- Generated by org.testng.reporters.JUnitReportReporter -->
<testsuite skipped="0" hostname="DESKTOP-SAYAK" name="com.testCases.SearchBox" tests="1" failures="0" timestamp="2019-09-16T16:50:40 IST" time="24.902" errors="0">
  <testcase name="searchName" time="24.902" classname="com.testCases.SearchBox"/>
</testsuite> <!-- com.testCases.SearchBox -->
